<application>
  <name>test-on-Audio</name>

  <dependencies>
  </dependencies>



  <!-- recording audio from microphone -->
  <module>
    <name>yarprobotinterface</name>
    <parameters>--context vadModule --from audioRecorder.ini --rec_start true</parameters>
    <node>console</node>
  </module>

  <!-- saving the original audio received from the port to original.wav -->
  <module>
    <name>yarprobotinterface</name>
    <parameters>--context vadModule --from audioPlayerToFile.ini --toFile_fileName original.wav --toFile_name /original</parameters>
    <node>console</node>
  </module>

  <!-- saving the filtered audio received from the port to filtered.wav -->
  <module>
    <name>yarprobotinterface</name>
    <parameters>--context vadModule --from audioPlayerToFile.ini --toFile_fileName filtered.wav --toFile_name /filtered</parameters>
    <node>console</node>
  </module>

  <module>
    <name>yarprobotinterface</name>
    <parameters>--context vadModule --from audioPlayer.ini</parameters>
    <node>console</node>
  </module>

  <!-- playing the audio from the file original.wav to a port -->
  <module>
    <name>yarprobotinterface</name>
    <parameters>--context vadModule --from audioRecorderFromFile.ini</parameters>
    <node>console</node>
  </module>

  <module>
    <name>Teller</name>
    <parameters>--</parameters>
    <node>console</node>
  </module>

  <module>
    <name>vadModule</name>
    <parameters>--</parameters>
    <node>console</node>
  </module>



  <connection>
    <from>/audioRecorderWrapper/audio:o</from>
    <to>/vad/audio:i</to>
    <protocol>tcp+recv.portmonitor+file.soundfilter_resample+type.dll+channel.0+frequency.16000</protocol>
  </connection>


  <connection>
    <from>/audioRecorderWrapper/audio:o</from>
    <to>/audioPlayerWrapper/audio:i</to>
    <protocol>tcp+recv.portmonitor+file.soundfilter_resample+type.dll+channel.0+frequency.16000</protocol>
  </connection>

  <connection>
    <from>/audioRecorderWrapper/audio:o</from>
    <to>/original/audio:i</to>
    <protocol>tcp+recv.portmonitor+file.soundfilter_resample+type.dll+channel.0+frequency.16000</protocol>
  </connection>

  <connection>
    <from>/vad/audioFiltered:o</from>
    <to>/filtered/audio:i</to>
    <protocol>tcp+recv.portmonitor+file.soundfilter_resample+type.dll+channel.0+frequency.16000</protocol>
  </connection>


  <connection>
    <from>/vad/sync_rpc:o</from>
    <to>/HeadSynchronizer/vad/sync:i</to>
    <protocol>fast_tcp</protocol>
  </connection>

  <connection>
    <from>/audioRecorderWrapper/status:o</from>
    <to>/vad/microphone/status:i</to>
    <protocol>fast_tcp</protocol>
  </connection>

  <connection>
    <from>/audioRecorderWrapper/audio:o</from>
    <to>/vad/audio:i</to>
    <protocol>tcp+recv.portmonitor+file.soundfilter_resample+type.dll+channel.0+frequency.16000</protocol>
  </connection>

  <connection>
    <from>/HeadSynchronizer/shared/rpc:o</from>
    <to>/audioRecorderWrapper/rpc</to>
    <protocol>fast_tcp</protocol>
  </connection>

  <connection>
    <from>/audioRecorderWrapper/status:o</from>
    <to>/HeadSynchronizer/shared/microphone/status:o</to>
    <protocol>fast_tcp</protocol>
  </connection>

</application>
